Symlinking /home/jana/Desktop/RP_Project/ros/ros_workspace/devel/include/rasa_ros/Dialogue.h
Symlinking /home/jana/Desktop/RP_Project/ros/ros_workspace/devel/include/rasa_ros/DialogueRequest.h
Symlinking /home/jana/Desktop/RP_Project/ros/ros_workspace/devel/include/rasa_ros/DialogueResponse.h
Symlinking /home/jana/Desktop/RP_Project/ros/ros_workspace/devel/lib/pkgconfig/rasa_ros.pc
Symlinking /home/jana/Desktop/RP_Project/ros/ros_workspace/devel/lib/python3/dist-packages/rasa_ros/__init__.py
Symlinking /home/jana/Desktop/RP_Project/ros/ros_workspace/devel/lib/python3/dist-packages/rasa_ros/srv/_Dialogue.py
Symlinking /home/jana/Desktop/RP_Project/ros/ros_workspace/devel/lib/python3/dist-packages/rasa_ros/srv/__init__.py
Symlinking /home/jana/Desktop/RP_Project/ros/ros_workspace/devel/share/roseus/ros/rasa_ros/manifest.l
Symlinking /home/jana/Desktop/RP_Project/ros/ros_workspace/devel/share/roseus/ros/rasa_ros/srv/Dialogue.l
Symlinking /home/jana/Desktop/RP_Project/ros/ros_workspace/devel/share/common-lisp/ros/rasa_ros/srv/Dialogue.lisp
Symlinking /home/jana/Desktop/RP_Project/ros/ros_workspace/devel/share/common-lisp/ros/rasa_ros/srv/rasa_ros-srv.asd
Symlinking /home/jana/Desktop/RP_Project/ros/ros_workspace/devel/share/common-lisp/ros/rasa_ros/srv/_package_Dialogue.lisp
Symlinking /home/jana/Desktop/RP_Project/ros/ros_workspace/devel/share/common-lisp/ros/rasa_ros/srv/_package.lisp
Symlinking /home/jana/Desktop/RP_Project/ros/ros_workspace/devel/share/rasa_ros/cmake/rasa_rosConfig-version.cmake
Symlinking /home/jana/Desktop/RP_Project/ros/ros_workspace/devel/share/rasa_ros/cmake/rasa_rosConfig.cmake
Symlinking /home/jana/Desktop/RP_Project/ros/ros_workspace/devel/share/rasa_ros/cmake/rasa_ros-msg-paths.cmake
Symlinking /home/jana/Desktop/RP_Project/ros/ros_workspace/devel/share/rasa_ros/cmake/rasa_ros-msg-extras.cmake
Symlinking /home/jana/Desktop/RP_Project/ros/ros_workspace/devel/share/gennodejs/ros/rasa_ros/_index.js
Symlinking /home/jana/Desktop/RP_Project/ros/ros_workspace/devel/share/gennodejs/ros/rasa_ros/srv/_index.js
Symlinking /home/jana/Desktop/RP_Project/ros/ros_workspace/devel/share/gennodejs/ros/rasa_ros/srv/Dialogue.js
