Linked: (/home/jana/Desktop/RP_Project/ros/ros_workspace/devel/.private/rasa_ros/include/rasa_ros/Dialogue.h, /home/jana/Desktop/RP_Project/ros/ros_workspace/devel/include/rasa_ros/Dialogue.h)
Linked: (/home/jana/Desktop/RP_Project/ros/ros_workspace/devel/.private/rasa_ros/include/rasa_ros/DialogueRequest.h, /home/jana/Desktop/RP_Project/ros/ros_workspace/devel/include/rasa_ros/DialogueRequest.h)
Linked: (/home/jana/Desktop/RP_Project/ros/ros_workspace/devel/.private/rasa_ros/include/rasa_ros/DialogueResponse.h, /home/jana/Desktop/RP_Project/ros/ros_workspace/devel/include/rasa_ros/DialogueResponse.h)
Linked: (/home/jana/Desktop/RP_Project/ros/ros_workspace/devel/.private/rasa_ros/lib/pkgconfig/rasa_ros.pc, /home/jana/Desktop/RP_Project/ros/ros_workspace/devel/lib/pkgconfig/rasa_ros.pc)
Linked: (/home/jana/Desktop/RP_Project/ros/ros_workspace/devel/.private/rasa_ros/lib/python3/dist-packages/rasa_ros/__init__.py, /home/jana/Desktop/RP_Project/ros/ros_workspace/devel/lib/python3/dist-packages/rasa_ros/__init__.py)
Linked: (/home/jana/Desktop/RP_Project/ros/ros_workspace/devel/.private/rasa_ros/lib/python3/dist-packages/rasa_ros/srv/_Dialogue.py, /home/jana/Desktop/RP_Project/ros/ros_workspace/devel/lib/python3/dist-packages/rasa_ros/srv/_Dialogue.py)
Linked: (/home/jana/Desktop/RP_Project/ros/ros_workspace/devel/.private/rasa_ros/lib/python3/dist-packages/rasa_ros/srv/__init__.py, /home/jana/Desktop/RP_Project/ros/ros_workspace/devel/lib/python3/dist-packages/rasa_ros/srv/__init__.py)
Linked: (/home/jana/Desktop/RP_Project/ros/ros_workspace/devel/.private/rasa_ros/share/roseus/ros/rasa_ros/manifest.l, /home/jana/Desktop/RP_Project/ros/ros_workspace/devel/share/roseus/ros/rasa_ros/manifest.l)
Linked: (/home/jana/Desktop/RP_Project/ros/ros_workspace/devel/.private/rasa_ros/share/roseus/ros/rasa_ros/srv/Dialogue.l, /home/jana/Desktop/RP_Project/ros/ros_workspace/devel/share/roseus/ros/rasa_ros/srv/Dialogue.l)
Linked: (/home/jana/Desktop/RP_Project/ros/ros_workspace/devel/.private/rasa_ros/share/common-lisp/ros/rasa_ros/srv/Dialogue.lisp, /home/jana/Desktop/RP_Project/ros/ros_workspace/devel/share/common-lisp/ros/rasa_ros/srv/Dialogue.lisp)
Linked: (/home/jana/Desktop/RP_Project/ros/ros_workspace/devel/.private/rasa_ros/share/common-lisp/ros/rasa_ros/srv/rasa_ros-srv.asd, /home/jana/Desktop/RP_Project/ros/ros_workspace/devel/share/common-lisp/ros/rasa_ros/srv/rasa_ros-srv.asd)
Linked: (/home/jana/Desktop/RP_Project/ros/ros_workspace/devel/.private/rasa_ros/share/common-lisp/ros/rasa_ros/srv/_package_Dialogue.lisp, /home/jana/Desktop/RP_Project/ros/ros_workspace/devel/share/common-lisp/ros/rasa_ros/srv/_package_Dialogue.lisp)
Linked: (/home/jana/Desktop/RP_Project/ros/ros_workspace/devel/.private/rasa_ros/share/common-lisp/ros/rasa_ros/srv/_package.lisp, /home/jana/Desktop/RP_Project/ros/ros_workspace/devel/share/common-lisp/ros/rasa_ros/srv/_package.lisp)
Linked: (/home/jana/Desktop/RP_Project/ros/ros_workspace/devel/.private/rasa_ros/share/rasa_ros/cmake/rasa_rosConfig-version.cmake, /home/jana/Desktop/RP_Project/ros/ros_workspace/devel/share/rasa_ros/cmake/rasa_rosConfig-version.cmake)
Linked: (/home/jana/Desktop/RP_Project/ros/ros_workspace/devel/.private/rasa_ros/share/rasa_ros/cmake/rasa_rosConfig.cmake, /home/jana/Desktop/RP_Project/ros/ros_workspace/devel/share/rasa_ros/cmake/rasa_rosConfig.cmake)
Linked: (/home/jana/Desktop/RP_Project/ros/ros_workspace/devel/.private/rasa_ros/share/rasa_ros/cmake/rasa_ros-msg-paths.cmake, /home/jana/Desktop/RP_Project/ros/ros_workspace/devel/share/rasa_ros/cmake/rasa_ros-msg-paths.cmake)
Linked: (/home/jana/Desktop/RP_Project/ros/ros_workspace/devel/.private/rasa_ros/share/rasa_ros/cmake/rasa_ros-msg-extras.cmake, /home/jana/Desktop/RP_Project/ros/ros_workspace/devel/share/rasa_ros/cmake/rasa_ros-msg-extras.cmake)
Linked: (/home/jana/Desktop/RP_Project/ros/ros_workspace/devel/.private/rasa_ros/share/gennodejs/ros/rasa_ros/_index.js, /home/jana/Desktop/RP_Project/ros/ros_workspace/devel/share/gennodejs/ros/rasa_ros/_index.js)
Linked: (/home/jana/Desktop/RP_Project/ros/ros_workspace/devel/.private/rasa_ros/share/gennodejs/ros/rasa_ros/srv/_index.js, /home/jana/Desktop/RP_Project/ros/ros_workspace/devel/share/gennodejs/ros/rasa_ros/srv/_index.js)
Linked: (/home/jana/Desktop/RP_Project/ros/ros_workspace/devel/.private/rasa_ros/share/gennodejs/ros/rasa_ros/srv/Dialogue.js, /home/jana/Desktop/RP_Project/ros/ros_workspace/devel/share/gennodejs/ros/rasa_ros/srv/Dialogue.js)
